0 info it worked if it ends with ok
1 verbose cli [ '/home/user/.nvm/versions/node/v6.9.5/bin/node',
1 verbose cli   '/home/user/.nvm/versions/node/v6.9.5/bin/npm',
1 verbose cli   'start' ]
2 info using npm@3.10.10
3 info using node@v6.9.5
4 verbose run-script [ 'prestart', 'start', 'poststart' ]
5 info lifecycle test_hlf_v1@1.0.0~prestart: test_hlf_v1@1.0.0
6 silly lifecycle test_hlf_v1@1.0.0~prestart: no script for prestart, continuing
7 info lifecycle test_hlf_v1@1.0.0~start: test_hlf_v1@1.0.0
8 verbose lifecycle test_hlf_v1@1.0.0~start: unsafe-perm in lifecycle true
9 verbose lifecycle test_hlf_v1@1.0.0~start: PATH: /home/user/.nvm/versions/node/v6.9.5/lib/node_modules/npm/bin/node-gyp-bin:/home/user/Diploma_Supplement/studentAppAgri/node_modules/.bin:/home/user/bin:/home/user/.local/bin:/home/user/.nvm/versions/node/v6.9.5/bin:/usr/local/sbin:/usr/local/bin:/usr/sbin:/usr/bin:/sbin:/bin:/usr/games:/usr/local/games:/snap/bin:/usr/local/go/bin:/home/user/work/bin
10 verbose lifecycle test_hlf_v1@1.0.0~start: CWD: /home/user/Diploma_Supplement/studentAppAgri
11 silly lifecycle test_hlf_v1@1.0.0~start: Args: [ '-c', 'webpack' ]
12 silly lifecycle test_hlf_v1@1.0.0~start: Returned: code: 2  signal: null
13 info lifecycle test_hlf_v1@1.0.0~start: Failed to exec start script
14 verbose stack Error: test_hlf_v1@1.0.0 start: `webpack`
14 verbose stack Exit status 2
14 verbose stack     at EventEmitter.<anonymous> (/home/user/.nvm/versions/node/v6.9.5/lib/node_modules/npm/lib/utils/lifecycle.js:255:16)
14 verbose stack     at emitTwo (events.js:106:13)
14 verbose stack     at EventEmitter.emit (events.js:191:7)
14 verbose stack     at ChildProcess.<anonymous> (/home/user/.nvm/versions/node/v6.9.5/lib/node_modules/npm/lib/utils/spawn.js:40:14)
14 verbose stack     at emitTwo (events.js:106:13)
14 verbose stack     at ChildProcess.emit (events.js:191:7)
14 verbose stack     at maybeClose (internal/child_process.js:877:16)
14 verbose stack     at Process.ChildProcess._handle.onexit (internal/child_process.js:226:5)
15 verbose pkgid test_hlf_v1@1.0.0
16 verbose cwd /home/user/Diploma_Supplement/studentAppAgri
17 error Linux 4.4.0-96-generic
18 error argv "/home/user/.nvm/versions/node/v6.9.5/bin/node" "/home/user/.nvm/versions/node/v6.9.5/bin/npm" "start"
19 error node v6.9.5
20 error npm  v3.10.10
21 error code ELIFECYCLE
22 error test_hlf_v1@1.0.0 start: `webpack`
22 error Exit status 2
23 error Failed at the test_hlf_v1@1.0.0 start script 'webpack'.
23 error Make sure you have the latest version of node.js and npm installed.
23 error If you do, this is most likely a problem with the test_hlf_v1 package,
23 error not with npm itself.
23 error Tell the author that this fails on your system:
23 error     webpack
23 error You can get information on how to open an issue for this project with:
23 error     npm bugs test_hlf_v1
23 error Or if that isn't available, you can get their info via:
23 error     npm owner ls test_hlf_v1
23 error There is likely additional logging output above.
24 verbose exit [ 1, true ]
